
TreeMix v. 1.13
$Revision: 231 $

npop:39 nsnp:82364
Estimating covariance matrix in 82364 blocks of size 1
SEED: 1594390896
Starting from:
((TennesseeWalkingHorse:0.000292706,Saxon-ThuringianHeavyWarmblood:0.000260949):0.000151302,Shetland:0.000151302);
Adding Jejuhorse [4/39]
ln(likelihood): 98.560906 
((TennesseeWalkingHorse:0.000386381,Saxon-ThuringianHeavyWarmblood:0.000354012):4.93709e-05,(Shetland:0.0001959,Jejuhorse:0.000125904):4.93709e-05);
Adding Oldenburger [5/39]
ln(likelihood): 143.46475 
((Shetland:0.000227786,Jejuhorse:0.000157906):1.49509e-05,((TennesseeWalkingHorse:0.000377472,Saxon-ThuringianHeavyWarmblood:0.000344692):4.53401e-05,Oldenburger:0.000327423):1.49509e-05);
Adding Haflinger [6/39]
ln(likelihood): 206.36139 
(((TennesseeWalkingHorse:0.000377941,Saxon-ThuringianHeavyWarmblood:0.000344903):5.10837e-05,Oldenburger:0.000333475):7.80979e-06,((Shetland:0.000204409,Jejuhorse:0.000134172):3.27511e-05,Haflinger:0.000281598):7.80979e-06);
Adding Hanoverian [7/39]
ln(likelihood): 273.33491 
(((TennesseeWalkingHorse:0.000378491,Saxon-ThuringianHeavyWarmblood:0.000344498):4.96803e-05,(Oldenburger:0.000326743,Hanoverian:0.000102276):5.94235e-06):9.55157e-06,((Shetland:0.000203771,Jejuhorse:0.000134235):3.15818e-05,Haflinger:0.000279973):9.55157e-06);
Adding Noriker [8/39]
ln(likelihood): 352.01051 
(((TennesseeWalkingHorse:0.000378485,Saxon-ThuringianHeavyWarmblood:0.000344686):4.75937e-05,((Shetland:0.000202748,Jejuhorse:0.000133813):2.05905e-05,(Haflinger:0.000237881,Noriker:0.000322562):3.30375e-05):1.26653e-05):1.26492e-05,(Oldenburger:0.000327465,Hanoverian:0.000102565):1.26492e-05);
Adding Standardbred [9/39]
ln(likelihood): 445.81792 
((((Oldenburger:0.000328623,Standardbred:0.00010489):0,(TennesseeWalkingHorse:0.000379199,Saxon-ThuringianHeavyWarmblood:0.000345):4.37263e-05):0,Hanoverian:0.000103487):1.50537e-05,((Shetland:0.000203867,Jejuhorse:0.000134744):2.59711e-05,(Haflinger:0.000238796,Noriker:0.000323356):3.87888e-05):1.50537e-05);
Adding Przewalski-hybrid [10/39]
ln(likelihood): 543.51248 
((((Oldenburger:0.00032843,Standardbred:0.000103982):0,(TennesseeWalkingHorse:0.000379188,Saxon-ThuringianHeavyWarmblood:0.000345614):4.20505e-05):0,Hanoverian:0.000103098):1.57691e-05,((Haflinger:0.000238914,Noriker:0.000323516):3.83254e-05,((Shetland:0.000204154,Jejuhorse:0.000134571):1.7945e-05,Przewalski-hybrid:0.000380986):8.21016e-06):1.57691e-05);
Adding GermanWarmBlood [11/39]
ln(likelihood): 650.81429 
((((Oldenburger:0.000328257,Standardbred:0.000104326):0,(TennesseeWalkingHorse:0.00037875,Saxon-ThuringianHeavyWarmblood:0.000345473):4.32168e-05):0,(Hanoverian:8.40114e-05,GermanWarmBlood:1.9656e-05):2.04921e-05):1.59827e-05,((Haflinger:0.000238871,Noriker:0.000323348):3.81781e-05,((Shetland:0.000203852,Jejuhorse:0.000134333):1.82327e-05,Przewalski-hybrid:0.000380701):8.12817e-06):1.59827e-05);
Adding AmericanPaint [12/39]
ln(likelihood): 781.561 
((Standardbred:0.000104375,(((Hanoverian:8.46953e-05,GermanWarmBlood:2.05032e-05):7.34314e-06,Oldenburger:0.000316821):4.75428e-06,AmericanPaint:0.000138077):9.43306e-06):1.27998e-05,((TennesseeWalkingHorse:0.000379818,Saxon-ThuringianHeavyWarmblood:0.000345755):4.4564e-05,((Haflinger:0.000237575,Noriker:0.000322217):3.37307e-05,((Shetland:0.000202654,Jejuhorse:0.000133031):1.82117e-05,Przewalski-hybrid:0.000379452):3.51644e-06):1.30473e-05):1.27998e-05);
Adding Marwari [13/39]
ln(likelihood): 907.82756 
((((Shetland:0.000203667,Jejuhorse:0.00013463):2.01059e-05,(Haflinger:0.000237915,Noriker:0.000323371):3.35221e-05):8.05732e-06,Przewalski-hybrid:0.000388472):1.30909e-05,(((TennesseeWalkingHorse:0.000380118,Saxon-ThuringianHeavyWarmblood:0.000345905):1.27019e-05,Marwari:0.000454952):3.32592e-05,(Standardbred:0.000102275,(((Hanoverian:8.36836e-05,GermanWarmBlood:1.92106e-05):7.22766e-06,Oldenburger:0.000315675):5.48927e-06,AmericanPaint:0.000136834):7.41194e-06):6.22939e-06):1.30909e-05);
Adding MangalargaMarchador [14/39]
ln(likelihood): 1043.4468 
(((Standardbred:0.000103253,(((Hanoverian:8.49511e-05,GermanWarmBlood:2.02926e-05):6.512e-06,Oldenburger:0.000316888):5.87034e-06,AmericanPaint:0.000137771):7.37352e-06):5.53346e-06,MangalargaMarchador:0.000346788):8.78428e-06,(((TennesseeWalkingHorse:0.000380553,Saxon-ThuringianHeavyWarmblood:0.000345591):1.32962e-05,Marwari:0.000454981):3.52332e-05,(((Shetland:0.000202414,Jejuhorse:0.000133387):2.07571e-05,(Haflinger:0.000237236,Noriker:0.000322755):3.28709e-05):2.02906e-06,Przewalski-hybrid:0.000381878):1.47598e-05):8.78428e-06);
Adding Percheronhorse [15/39]
ln(likelihood): 1188.8081 
(((Standardbred:0.000103169,(((Hanoverian:8.48025e-05,GermanWarmBlood:1.97793e-05):7.30892e-06,Oldenburger:0.000316515):5.54242e-06,AmericanPaint:0.000137697):7.31182e-06):6.58916e-06,MangalargaMarchador:0.000346323):7.27992e-06,(((TennesseeWalkingHorse:0.00037973,Saxon-ThuringianHeavyWarmblood:0.000345562):1.44129e-05,Marwari:0.000454496):3.59138e-05,(((Shetland:0.00020245,Jejuhorse:0.000133202):2.03785e-05,Przewalski-hybrid:0.000379321):2.50973e-06,((Haflinger:0.000237922,Noriker:0.000322775):1.72901e-05,Percheronhorse:0.000450992):1.76479e-05):1.68961e-05):7.27992e-06);
Adding DutchWarmblood [16/39]
ln(likelihood): 1344.4979 
((((Shetland:0.000203589,Jejuhorse:0.000134051):2.00266e-05,Przewalski-hybrid:0.000380334):7.70624e-06,((Haflinger:0.000238683,Noriker:0.000324498):1.74647e-05,Percheronhorse:0.000452225):2.17149e-05):1.28751e-05,(((TennesseeWalkingHorse:0.000380217,Saxon-ThuringianHeavyWarmblood:0.00034436):1.46101e-05,Marwari:0.000454129):3.29375e-05,((Standardbred:0.000101584,(((GermanWarmBlood:1.78009e-05,(Oldenburger:0.00027619,DutchWarmblood:0.000333391):3.29976e-05):1.49857e-06,Hanoverian:8.36027e-05):2.02703e-05,AmericanPaint:0.000142486):0):7.99388e-06,MangalargaMarchador:0.000345491):0):1.28751e-05);
Adding ConnemaraPony [17/39]
ln(likelihood): 1520.2056 
((((TennesseeWalkingHorse:0.000380727,Saxon-ThuringianHeavyWarmblood:0.000344465):1.43349e-05,Marwari:0.000454451):3.46715e-05,((Standardbred:0.000102075,(((GermanWarmBlood:1.84153e-05,(Oldenburger:0.000276698,DutchWarmblood:0.000334083):3.27194e-05):1.48114e-06,Hanoverian:8.41233e-05):2.03903e-05,AmericanPaint:0.000142968):0):9.17769e-06,MangalargaMarchador:0.00034654):0):9.03412e-06,((((Shetland:0.00020311,Jejuhorse:0.000133745):1.95108e-05,Przewalski-hybrid:0.000379969):3.57258e-06,((Haflinger:0.000238357,Noriker:0.000324444):1.71251e-05,Percheronhorse:0.000452052):1.69293e-05):1.126e-05,ConnemaraPony:0.000100707):9.03412e-06);
Adding Arabian [18/39]
ln(likelihood): 1700.2059 
((((TennesseeWalkingHorse:0.000381204,Saxon-ThuringianHeavyWarmblood:0.000344924):1.41402e-05,Marwari:0.000454929):3.24614e-05,((Standardbred:0.000102164,(AmericanPaint:0.000142431,(((GermanWarmBlood:1.84645e-05,(Oldenburger:0.000276837,DutchWarmblood:0.000334044):3.27365e-05):1.31428e-06,Hanoverian:8.41915e-05):1.48084e-05,Arabian:0.00011805):5.36378e-06):7.61139e-07):8.06671e-06,MangalargaMarchador:0.000345449):0):1.15536e-05,((((Shetland:0.000202859,Jejuhorse:0.000133409):2.01243e-05,Przewalski-hybrid:0.000379643):3.16893e-06,((Haflinger:0.000238284,Noriker:0.000324702):1.59674e-05,Percheronhorse:0.000452206):1.75144e-05):8.73337e-06,ConnemaraPony:9.86114e-05):1.15536e-05);
Adding Trakehner [19/39]
ln(likelihood): 1883.2092 
((((Saxon-ThuringianHeavyWarmblood:0.000345686,TennesseeWalkingHorse:0.000380917):1.39027e-05,Marwari:0.000455179):3.18206e-05,((((((GermanWarmBlood:1.52821e-05,((Oldenburger:0.000276978,DutchWarmblood:0.00033454):1.5147e-05,Trakehner:0.000274969):1.46782e-05):4.83054e-06,Hanoverian:8.40081e-05):1.39977e-05,Arabian:0.000116485):5.184e-06,Standardbred:9.94236e-05):0,AmericanPaint:0.000140483):1.21808e-05,MangalargaMarchador:0.000345561):0):1.1773e-05,((((Shetland:0.000202968,Jejuhorse:0.000133188):1.96094e-05,Przewalski-hybrid:0.000379614):2.62452e-06,((Haflinger:0.000237558,Noriker:0.000323588):1.62192e-05,Percheronhorse:0.000451273):1.81465e-05):8.86361e-06,ConnemaraPony:9.74668e-05):1.1773e-05);
Adding Lipizzan [20/39]
ln(likelihood): 2074.0821 
(((MangalargaMarchador:0.000344649,((TennesseeWalkingHorse:0.000389291,Marwari:0.000451138):0,Saxon-ThuringianHeavyWarmblood:0.000355107):3.61562e-05):0,(((((GermanWarmBlood:1.47689e-05,((Oldenburger:0.000276255,DutchWarmblood:0.000333923):1.57524e-05,Trakehner:0.000274267):1.49077e-05):5.08826e-06,Hanoverian:8.35785e-05):1.5e-05,Arabian:0.000116021):4.54129e-06,Standardbred:9.92324e-05):0,AmericanPaint:0.00014042):1.16952e-05):1.20136e-05,(((((Shetland:0.000202634,Jejuhorse:0.000133406):2.01878e-05,Przewalski-hybrid:0.000379525):2.5198e-06,((Haflinger:0.000237596,Noriker:0.000323578):1.68117e-05,Percheronhorse:0.000451255):1.78609e-05):8.70176e-06,ConnemaraPony:9.76061e-05):0,Lipizzan:0.000197628):1.20136e-05);
Adding Przewalski [21/39]
ln(likelihood): 2285.2483 
(((MangalargaMarchador:0.000344306,((AmericanPaint:0.000140355,(((GermanWarmBlood:1.47446e-05,((Oldenburger:0.000276408,DutchWarmblood:0.000333577):1.59988e-05,Trakehner:0.000274158):1.4903e-05):5.07731e-06,Hanoverian:8.35752e-05):1.48603e-05,Arabian:0.000116042):4.29148e-06):0,Standardbred:9.93266e-05):1.19688e-05):0,((TennesseeWalkingHorse:0.000380327,Saxon-ThuringianHeavyWarmblood:0.000346336):1.4404e-05,Marwari:0.000455182):3.06954e-05):1.07776e-05,(((((Shetland:0.000202774,Jejuhorse:0.000133508):1.83015e-05,(Przewalski-hybrid:0.00022526,Przewalski:0.000304457):0.000158927):7.12751e-06,((Haflinger:0.00023783,Noriker:0.000323249):1.63626e-05,Percheronhorse:0.000451232):2.09008e-05):7.2678e-06,ConnemaraPony:9.84955e-05):0,Lipizzan:0.000198432):1.07776e-05);
Adding Akhal-Teke [22/39]
ln(likelihood): 2507.3956 
(((MangalargaMarchador:0.000344284,(((((GermanWarmBlood:1.47272e-05,((Oldenburger:0.000276508,DutchWarmblood:0.00033367):1.56933e-05,Trakehner:0.00027427):1.52236e-05):4.99255e-06,Hanoverian:8.36228e-05):1.50492e-05,Arabian:0.000116069):4.97493e-06,(AmericanPaint:0.000135379,Akhal-Teke:0.000181077):5.75759e-06):0,Standardbred:9.98841e-05):1.17147e-05):0,((TennesseeWalkingHorse:0.000380699,Saxon-ThuringianHeavyWarmblood:0.000345728):1.54749e-05,Marwari:0.000455008):2.9808e-05):1.10792e-05,(((((Shetland:0.000202763,Jejuhorse:0.000133275):1.83764e-05,(Przewalski-hybrid:0.000225469,Przewalski:0.000304141):0.000158852):7.09535e-06,((Haflinger:0.000237176,Noriker:0.000322998):1.74305e-05,Percheronhorse:0.000450723):2.0577e-05):6.58672e-06,ConnemaraPony:9.78748e-05):0,Lipizzan:0.000197583):1.10792e-05);
Adding BENSON [23/39]
ln(likelihood): 2718.4519 
((((((((GermanWarmBlood:1.53622e-05,((Oldenburger:0.000276891,DutchWarmblood:0.000334492):1.56368e-05,Trakehner:0.000274875):1.46017e-05):4.73958e-06,Hanoverian:8.41201e-05):1.46754e-05,Arabian:0.000116498):5.1805e-06,(AmericanPaint:0.000135358,Akhal-Teke:0.000180733):6.44333e-06):0,Standardbred:9.97169e-05):5.89144e-06,((TennesseeWalkingHorse:0.000379222,Saxon-ThuringianHeavyWarmblood:0.00034453):1.5021e-05,Marwari:0.000453694):2.99724e-05):1.2301e-05,MangalargaMarchador:0.000345843):4.48795e-06,((ConnemaraPony:9.88439e-05,Lipizzan:0.000199121):2.43419e-06,((((Shetland:0.00020356,Jejuhorse:0.000132804):1.88318e-05,(Przewalski-hybrid:0.000226244,Przewalski:0.000304531):0.000158396):6.36415e-06,((Haflinger:0.00023821,Noriker:0.000322795):1.72468e-05,Percheronhorse:0.000451148):1.99876e-05):0,BENSON:0.000301433):1.27411e-05):4.48795e-06);
Adding MorganHorse [24/39]
ln(likelihood): 2953.3552 
((((((((GermanWarmBlood:1.5813e-05,((Oldenburger:0.000277009,DutchWarmblood:0.000335559):1.49772e-05,Trakehner:0.000275503):1.39796e-05):4.49597e-06,Hanoverian:8.43805e-05):1.50574e-05,Arabian:0.000116572):4.81287e-06,(AmericanPaint:0.00013525,Akhal-Teke:0.000180359):6.8252e-06):0,Standardbred:9.97458e-05):4.6262e-06,(((TennesseeWalkingHorse:0.0003792,Saxon-ThuringianHeavyWarmblood:0.000344361):1.53874e-05,Marwari:0.00045358):1.66622e-05,MorganHorse:0.000356411):1.29706e-05):1.66623e-05,MangalargaMarchador:0.000346421):2.91119e-06,((ConnemaraPony:9.87453e-05,Lipizzan:0.000198973):2.82123e-06,((((Shetland:0.000203644,Jejuhorse:0.000132822):1.91249e-05,(Przewalski-hybrid:0.000226757,Przewalski:0.00030466):0.000158103):6.4187e-06,((Haflinger:0.000238146,Noriker:0.000322646):1.75164e-05,Percheronhorse:0.000451027):2.04271e-05):0,BENSON:0.000300995):1.22353e-05):2.91119e-06);
Adding Icelandic [25/39]
ln(likelihood): 3198.7143 
((((((TennesseeWalkingHorse:0.000380222,Saxon-ThuringianHeavyWarmblood:0.000346):1.53653e-05,Marwari:0.000454912):1.58749e-05,MorganHorse:0.000357798):1.45883e-05,MangalargaMarchador:0.000344568):0,(((((GermanWarmBlood:1.5643e-05,((Oldenburger:0.000276508,DutchWarmblood:0.000335582):1.53093e-05,Trakehner:0.000275246):1.43233e-05):4.65989e-06,Hanoverian:8.43098e-05):1.46655e-05,Arabian:0.000116633):5.22279e-06,(AmericanPaint:0.000135498,Akhal-Teke:0.000180593):6.57519e-06):0,Standardbred:9.97442e-05):1.00995e-05):1.02518e-05,((ConnemaraPony:9.81692e-05,Lipizzan:0.000198196):5.6778e-07,((((Jejuhorse:0.000135378,(Shetland:0.000187774,Icelandic:0.000215417):1.90768e-05):1.70103e-05,(Przewalski-hybrid:0.000226364,Przewalski:0.000304289):0.0001583):3.38652e-06,((Haflinger:0.000237928,Noriker:0.000322086):1.83446e-05,Percheronhorse:0.000450595):1.67197e-05):7.18657e-06,BENSON:0.000303208):5.17751e-06):1.02518e-05);
Adding Friesiandwarf [26/39]
ln(likelihood): 3455.6508 
(((((Akhal-Teke:0.000185775,Standardbred:9.94576e-05):0,(AmericanPaint:0.00014055,(((GermanWarmBlood:1.51206e-05,((Oldenburger:0.000275628,DutchWarmblood:0.000335606):1.50031e-05,Trakehner:0.000274834):1.43938e-05):4.7303e-06,Hanoverian:8.37719e-05):1.419e-05,Arabian:0.000116169):4.37067e-06):1.48509e-06):6.06796e-06,(((TennesseeWalkingHorse:0.000380475,Saxon-ThuringianHeavyWarmblood:0.000346233):1.38321e-05,Marwari:0.000455235):1.56944e-05,MorganHorse:0.000357611):1.19462e-05):1.64403e-05,MangalargaMarchador:0.000345973):0,(((((((Jejuhorse:0.000136155,(Shetland:0.000188343,Icelandic:0.000216351):1.85732e-05):7.90746e-06,Friesiandwarf:0.000232672):8.63539e-06,((Haflinger:0.000238571,Noriker:0.000322085):1.85794e-05,Percheronhorse:0.000450904):1.29594e-05):7.18743e-06,(Przewalski-hybrid:0.000226969,Przewalski:0.000304899):0.000162308):5.42063e-06,ConnemaraPony:9.64681e-05):0,Lipizzan:0.00019703):1.31827e-05,BENSON:0.000308985):0);
Adding WelshPony [27/39]
ln(likelihood): 3718.831 
((((((TennesseeWalkingHorse:0.000379839,Saxon-ThuringianHeavyWarmblood:0.000347488):1.44561e-05,Marwari:0.000455511):1.5412e-05,MorganHorse:0.000358123):1.45004e-05,MangalargaMarchador:0.000344268):0,((Akhal-Teke:0.000186055,(AmericanPaint:0.000141005,(((GermanWarmBlood:1.56288e-05,((Oldenburger:0.000275468,DutchWarmblood:0.000336094):1.60851e-05,Trakehner:0.000274941):1.40005e-05):4.28992e-06,Hanoverian:8.43181e-05):1.41667e-05,Arabian:0.000116624):4.04718e-06):2.45567e-06):0,Standardbred:9.96549e-05):9.71847e-06):8.03719e-06,((((((((Jejuhorse:0.000135713,(Shetland:0.000188129,Icelandic:0.0002157):1.87634e-05):7.87654e-06,Friesiandwarf:0.000232297):8.9536e-06,((Haflinger:0.000238219,Noriker:0.000321998):1.9012e-05,Percheronhorse:0.000450661):1.24807e-05):6.61246e-06,(Przewalski-hybrid:0.000226191,Przewalski:0.000304356):0.000162835):5.78321e-06,WelshPony:0.000265018):0,Lipizzan:0.000196969):1.96279e-06,ConnemaraPony:9.69848e-05):6.68473e-06,BENSON:0.000306486):8.03719e-06);
Adding Sorraia [28/39]
ln(likelihood): 3993.9835 
(((MangalargaMarchador:0.00034377,((Akhal-Teke:0.000186135,(AmericanPaint:0.000141044,(((GermanWarmBlood:1.56306e-05,((Oldenburger:0.000275755,DutchWarmblood:0.000335799):1.60285e-05,Trakehner:0.000274941):1.37249e-05):4.12464e-06,Hanoverian:8.42618e-05):1.52712e-05,Arabian:0.000116359):3.11161e-06):2.34379e-06):0,Standardbred:9.95546e-05):1.00454e-05):0,(((Saxon-ThuringianHeavyWarmblood:0.000347321,TennesseeWalkingHorse:0.000379355):1.52282e-05,Marwari:0.000455146):1.53177e-05,MorganHorse:0.000358029):1.43445e-05):7.36535e-06,((((((((Jejuhorse:0.00013587,(Shetland:0.000188043,Icelandic:0.000216125):1.9003e-05):7.36706e-06,Friesiandwarf:0.000232577):8.81192e-06,((Haflinger:0.000237982,Noriker:0.000322355):1.83347e-05,Percheronhorse:0.000450757):1.3063e-05):6.15792e-06,(Przewalski-hybrid:0.00022541,Przewalski:0.000304374):0.000163341):6.59859e-06,WelshPony:0.000265338):1.25249e-06,ConnemaraPony:9.70453e-05):3.17723e-06,(Lipizzan:0.000172051,Sorraia:0.000322364):2.76766e-05):4.64848e-06,BENSON:0.000306847):7.36535e-06);
Adding SwissWarmblood [29/39]
ln(likelihood): 4286.6553 
(((MangalargaMarchador:0.000343504,((Akhal-Teke:0.000185673,(AmericanPaint:0.000138584,(((GermanWarmBlood:1.6018e-05,((Oldenburger:0.000276068,DutchWarmblood:0.000336377):2.25734e-05,(Trakehner:0.000244571,SwissWarmblood:0.000114099):3.81328e-05):7.12942e-06):2.45865e-06,Hanoverian:8.30256e-05):1.55748e-05,Arabian:0.000114715):2.23859e-06):5.30138e-06):0,Standardbred:9.91947e-05):1.10788e-05):0,(((Saxon-ThuringianHeavyWarmblood:0.000346461,TennesseeWalkingHorse:0.000380043):1.5014e-05,Marwari:0.000455071):1.54923e-05,MorganHorse:0.000357867):1.41918e-05):7.45333e-06,((((((((Jejuhorse:0.000135692,(Shetland:0.000187892,Icelandic:0.000215884):1.86622e-05):7.17577e-06,Friesiandwarf:0.000232297):8.93127e-06,((Haflinger:0.000237776,Noriker:0.000322042):1.7884e-05,Percheronhorse:0.000450521):1.32463e-05):6.22674e-06,(Przewalski-hybrid:0.000225234,Przewalski:0.00030388):0.000163277):6.78429e-06,WelshPony:0.000264911):1.54283e-06,ConnemaraPony:9.65642e-05):3.66495e-06,(Lipizzan:0.000172429,Sorraia:0.000322523):2.68065e-05):3.27117e-06,BENSON:0.000305962):7.45333e-06);
Adding QuarterHorse [30/39]
ln(likelihood): 4584.7956 
(((((Akhal-Teke:0.000185962,((((GermanWarmBlood:1.5761e-05,((Oldenburger:0.000275522,DutchWarmblood:0.000335969):2.3061e-05,(Trakehner:0.000244385,SwissWarmblood:0.000114227):3.76451e-05):7.16827e-06):2.24969e-06,Hanoverian:8.28041e-05):1.52274e-05,Arabian:0.000114517):4.61988e-06,(AmericanPaint:0.000126328,QuarterHorse:0.000258076):1.36277e-05):4.28458e-06):0,Standardbred:9.96353e-05):5.80758e-06,(((Saxon-ThuringianHeavyWarmblood:0.000345089,TennesseeWalkingHorse:0.000379072):1.59752e-05,Marwari:0.000453849):1.62188e-05,MorganHorse:0.000356916):1.14095e-05):1.72792e-05,MangalargaMarchador:0.000343453):0,((((((((Jejuhorse:0.000135898,(Shetland:0.000187725,Icelandic:0.00021646):1.86272e-05):6.84511e-06,Friesiandwarf:0.000232517):9.07838e-06,((Haflinger:0.000237606,Noriker:0.000322125):1.8321e-05,Percheronhorse:0.000450454):1.31247e-05):6.40072e-06,(Przewalski-hybrid:0.00022555,Przewalski:0.000304044):0.000163106):6.737e-06,WelshPony:0.000265035):1.77272e-06,ConnemaraPony:9.66332e-05):4.4861e-06,(Lipizzan:0.000173625,Sorraia:0.000323065):2.57662e-05):5.04987e-06,BENSON:0.000306593):0);
Adding AmericanMiniatureHorse [31/39]
ln(likelihood): 4885.8213 
(((((Akhal-Teke:0.000185873,((((GermanWarmBlood:1.55989e-05,((Oldenburger:0.000275908,DutchWarmblood:0.000334927):2.34802e-05,(Trakehner:0.000244287,SwissWarmblood:0.000114443):3.72259e-05):7.42963e-06):2.87201e-06,Hanoverian:8.26137e-05):1.49896e-05,Arabian:0.000114497):4.19912e-06,(AmericanPaint:0.000126157,QuarterHorse:0.000258018):1.38474e-05):5.16422e-06):2.63608e-07,Standardbred:9.94138e-05):9.52133e-06,MangalargaMarchador:0.000342097):0,(((Saxon-ThuringianHeavyWarmblood:0.000346191,TennesseeWalkingHorse:0.00037956):1.54406e-05,Marwari:0.000454672):1.57905e-05,MorganHorse:0.00035759):1.32812e-05):6.55581e-06,((((((((Jejuhorse:0.0001314,(Icelandic:0.000212082,(Shetland:0.000151977,AmericanMiniatureHorse:0.000372333):3.25556e-05):1.92808e-05):1.05023e-05,Friesiandwarf:0.00023108):1.29034e-05,((Haflinger:0.000237084,Noriker:0.000322259):1.68479e-05,Percheronhorse:0.000450338):1.62254e-05):4.87088e-06,(Przewalski-hybrid:0.000224963,Przewalski:0.000303291):0.000164221):4.15545e-06,WelshPony:0.000263389):3.74236e-06,ConnemaraPony:9.62568e-05):2.71439e-06,(Lipizzan:0.000173095,Sorraia:0.000322874):2.42627e-05):5.69838e-06,BENSON:0.000305617):6.55581e-06);
Adding UKWarmblood50Quarter [32/39]
ln(likelihood): 5207.1038 
((((((((((Jejuhorse:0.000130905,(Icelandic:0.000211598,(Shetland:0.000151493,AmericanMiniatureHorse:0.000371851):3.25665e-05):1.94768e-05):1.06831e-05,Friesiandwarf:0.000230617):1.2951e-05,((Haflinger:0.000236471,Noriker:0.000322236):1.72e-05,Percheronhorse:0.000450001):1.58921e-05):4.28036e-06,(Przewalski-hybrid:0.000224466,Przewalski:0.000302335):0.000164757):3.97371e-06,WelshPony:0.000263123):4.48634e-06,ConnemaraPony:9.57279e-05):7.1831e-07,(Lipizzan:0.000172391,Sorraia:0.000322036):2.43024e-05):0,MangalargaMarchador:0.000339584):9.06978e-06,BENSON:0.000305044):7.36823e-06,(((Akhal-Teke:0.000186414,((((GermanWarmBlood:1.63412e-05,((Oldenburger:0.000276482,DutchWarmblood:0.000335429):2.38534e-05,(Trakehner:0.000245477,SwissWarmblood:0.000115016):3.68527e-05):7.12251e-06):3.30787e-06,Hanoverian:8.32356e-05):1.20609e-05,(QuarterHorse:0.000265561,(AmericanPaint:0.000112217,UKWarmblood50Quarter:0.000304517):2.20149e-05):2.1537e-06):6.38527e-06,Arabian:0.000116919):6.5421e-06):0,Standardbred:9.9585e-05):6.16931e-06,(((Saxon-ThuringianHeavyWarmblood:0.000346455,TennesseeWalkingHorse:0.000379464):1.48649e-05,Marwari:0.000454786):1.56137e-05,MorganHorse:0.000357521):1.2257e-05):7.36823e-06);
Adding Dulmenpony [33/39]
ln(likelihood): 5534.4829 
((((((((((Jejuhorse:0.000131168,(Icelandic:0.000211864,(Shetland:0.000152206,AmericanMiniatureHorse:0.000371663):3.25206e-05):1.93059e-05):1.65032e-05,(Friesiandwarf:0.000197487,Dulmenpony:0.000371371):3.91323e-05):6.22184e-06,((Haflinger:0.000236285,Noriker:0.000323042):1.7264e-05,Percheronhorse:0.000450308):1.46731e-05):5.87367e-06,(Przewalski-hybrid:0.00022484,Przewalski:0.000302065):0.000164944):2.31179e-06,WelshPony:0.000262055):5.48096e-06,ConnemaraPony:9.51439e-05):1.56343e-06,(Lipizzan:0.000172326,Sorraia:0.000321801):2.43362e-05):0,MangalargaMarchador:0.000339351):1.01977e-05,BENSON:0.000304524):6.9452e-06,(((Akhal-Teke:0.000186007,Standardbred:9.91892e-05):0,((((GermanWarmBlood:1.56172e-05,((Oldenburger:0.000275962,DutchWarmblood:0.000334414):2.4093e-05,(Trakehner:0.000244731,SwissWarmblood:0.000114668):3.66131e-05):7.75146e-06):3.76393e-06,Hanoverian:8.25807e-05):1.17351e-05,(QuarterHorse:0.000265489,(AmericanPaint:0.000112276,UKWarmblood50Quarter:0.000304265):2.1552e-05):2.07816e-06):6.43017e-06,Arabian:0.000116526):6.65864e-06):5.4058e-06,(((Saxon-ThuringianHeavyWarmblood:0.000346293,TennesseeWalkingHorse:0.000378858):1.47589e-05,Marwari:0.000454408):1.54285e-05,MorganHorse:0.000357121):1.24062e-05):6.9452e-06);
Adding Franches-Montagnes [34/39]
ln(likelihood): 5878.9504 
((((((((((Friesiandwarf:0.000197868,Dulmenpony:0.000372316):3.91043e-05,(((Haflinger:0.000236958,Noriker:0.000323571):1.72912e-05,Percheronhorse:0.000450907):2.42874e-06,Franches-Montagnes:5.34241e-05):7.70458e-06):4.72725e-06,(Jejuhorse:0.000131677,(Icelandic:0.000212256,(Shetland:0.000152661,AmericanMiniatureHorse:0.000372019):3.27548e-05):1.88472e-05):2.14442e-05):5.1357e-06,WelshPony:0.000260548):5.44444e-06,ConnemaraPony:9.38943e-05):2.6073e-06,(Przewalski-hybrid:0.000224639,Przewalski:0.000301891):0.000168634):3.56532e-06,(Lipizzan:0.000172117,Sorraia:0.00032174):2.49798e-05):0,MangalargaMarchador:0.000339899):1.08292e-05,BENSON:0.000304722):6.19712e-06,(((Akhal-Teke:0.000185833,Standardbred:9.91343e-05):0,((((GermanWarmBlood:1.5434e-05,((Oldenburger:0.000275444,DutchWarmblood:0.000334369):2.42943e-05,(Trakehner:0.000244744,SwissWarmblood:0.000114463):3.64118e-05):7.70205e-06):3.68833e-06,Hanoverian:8.23974e-05):1.21821e-05,(QuarterHorse:0.000265658,(AmericanPaint:0.000112408,UKWarmblood50Quarter:0.000304447):2.13233e-05):1.77763e-06):6.07095e-06,Arabian:0.000116468):6.76886e-06):5.11115e-06,(((Saxon-ThuringianHeavyWarmblood:0.000346275,TennesseeWalkingHorse:0.000378856):1.42992e-05,Marwari:0.000454422):1.52849e-05,MorganHorse:0.00035699):1.25912e-05):6.19712e-06);
Adding Yakutianhorse [35/39]
ln(likelihood): 6245.2506 
(((Standardbred:9.90403e-05,((BENSON:0.000304226,(((Saxon-ThuringianHeavyWarmblood:0.000346315,TennesseeWalkingHorse:0.000378439):1.40284e-05,Marwari:0.000454248):1.53942e-05,MorganHorse:0.000356714):1.2944e-05):0,(((Lipizzan:0.000171328,Sorraia:0.000320998):1.94928e-05,MangalargaMarchador:0.000333785):6.49907e-06,((((((Friesiandwarf:0.000197982,Dulmenpony:0.000372362):3.79735e-05,((Jejuhorse:0.000131823,(Icelandic:0.000212505,(Shetland:0.000153069,AmericanMiniatureHorse:0.000372079):3.24731e-05):1.89292e-05):8.95551e-06,Yakutianhorse:7.42104e-05):7.42741e-06):5.89333e-06,((Percheronhorse:0.000452077,Franches-Montagnes:5.28056e-05):0,(Haflinger:0.000237134,Noriker:0.000323459):1.85364e-05):1.24761e-05):6.33794e-06,WelshPony:0.000260969):4.6135e-06,ConnemaraPony:9.36262e-05):2.72387e-06,(Przewalski-hybrid:0.000224097,Przewalski:0.000301375):0.000168906):3.79229e-06):1.86223e-05):8.55259e-06):1.77592e-07,Akhal-Teke:0.000185557):4.34151e-06,((((GermanWarmBlood:1.58371e-05,((Oldenburger:0.000275802,DutchWarmblood:0.000334932):2.41867e-05,(Trakehner:0.000245214,SwissWarmblood:0.000114716):3.65194e-05):7.7744e-06):3.78157e-06,Hanoverian:8.2803e-05):1.2277e-05,(QuarterHorse:0.000266222,(AmericanPaint:0.000112899,UKWarmblood50Quarter:0.000305092):2.13941e-05):1.56804e-06):4.431e-06,Arabian:0.000116359):4.34151e-06);
Adding GermanRidingPony [36/39]
ln(likelihood): 6616.8046 
(((Standardbred:9.89438e-05,(((BENSON:0.000304334,(((Saxon-ThuringianHeavyWarmblood:0.000346425,TennesseeWalkingHorse:0.000378106):1.42628e-05,Marwari:0.000454124):1.58258e-05,MorganHorse:0.000356637):1.26265e-05):0,(((Lipizzan:0.000171754,Sorraia:0.000321077):1.88955e-05,MangalargaMarchador:0.000334069):6.67463e-06,((((((Friesiandwarf:0.000198228,Dulmenpony:0.000372393):3.78649e-05,((Jejuhorse:0.000131784,(Icelandic:0.000212719,(Shetland:0.000152917,AmericanMiniatureHorse:0.000372595):3.18678e-05):1.95084e-05):8.59781e-06,Yakutianhorse:7.4306e-05):7.63736e-06):5.8299e-06,((Percheronhorse:0.000452244,Franches-Montagnes:5.30289e-05):0,(Haflinger:0.000237412,Noriker:0.000323686):1.80492e-05):1.25742e-05):6.24819e-06,WelshPony:0.000261065):4.56818e-06,ConnemaraPony:9.37289e-05):2.76005e-06,(Przewalski-hybrid:0.000224144,Przewalski:0.000301354):0.000168975):3.86619e-06):1.86337e-05):2.70501e-06,GermanRidingPony:0.00011238):6.15685e-06):4.2417e-07,Akhal-Teke:0.000185501):3.94465e-06,((((GermanWarmBlood:1.58035e-05,((Oldenburger:0.000275947,DutchWarmblood:0.00033492):2.39146e-05,(Trakehner:0.000244958,SwissWarmblood:0.000114604):3.67915e-05):7.53605e-06):3.59282e-06,Hanoverian:8.27454e-05):1.245e-05,(QuarterHorse:0.00026594,(AmericanPaint:0.000112754,UKWarmblood50Quarter:0.0003047):2.16505e-05):1.53069e-06):4.58621e-06,Arabian:0.000116134):3.94465e-06);
Adding Holsteiner [37/39]
ln(likelihood): 6988.4473 
(((BENSON:0.000304332,(((Saxon-ThuringianHeavyWarmblood:0.000346556,TennesseeWalkingHorse:0.000377745):1.38707e-05,Marwari:0.000454029):1.58018e-05,MorganHorse:0.00035641):1.36125e-05):0,(Standardbred:9.8836e-05,(Akhal-Teke:0.000185786,((((GermanWarmBlood:1.4166e-05,(((Oldenburger:0.000273754,Holsteiner:0.000110349):1.57327e-05,(Trakehner:0.000245323,SwissWarmblood:0.000115244):2.60786e-05):8.49803e-06,DutchWarmblood:0.000355388):8.72112e-06):6.98316e-06,Hanoverian:8.39506e-05):1.13853e-05,(QuarterHorse:0.000265729,(AmericanPaint:0.00011274,UKWarmblood50Quarter:0.000304195):2.07399e-05):2.45235e-06):5.10042e-06,Arabian:0.000116097):7.6929e-06):0):7.87244e-06):0,((((Lipizzan:0.000171608,Sorraia:0.000321054):1.91896e-05,MangalargaMarchador:0.000333969):6.77723e-06,((((((Friesiandwarf:0.000198247,Dulmenpony:0.00037249):3.7543e-05,((Jejuhorse:0.00013144,(Icelandic:0.000212236,(Shetland:0.000152589,AmericanMiniatureHorse:0.000372005):3.23081e-05):1.96678e-05):8.64702e-06,Yakutianhorse:7.40352e-05):7.838e-06):6.43004e-06,((Percheronhorse:0.000452382,Franches-Montagnes:5.32572e-05):2.66306e-07,(Haflinger:0.00023768,Noriker:0.000324187):1.8155e-05):1.1774e-05):6.32203e-06,WelshPony:0.000261047):4.60871e-06,ConnemaraPony:9.37219e-05):2.8522e-06,(Przewalski-hybrid:0.000224215,Przewalski:0.000301874):0.000168654):3.43058e-06):1.86413e-05,GermanRidingPony:0.000113419):0);
Adding Mongolian [38/39]
ln(likelihood): 7380.9319 
(Arabian:5.67861e-05,(((QuarterHorse:0.000271369,((Standardbred:9.84819e-05,Akhal-Teke:0.000185229):0,((BENSON:0.000303843,(((Saxon-ThuringianHeavyWarmblood:0.000345824,TennesseeWalkingHorse:0.000377277):1.43284e-05,Marwari:0.000453405):1.53273e-05,MorganHorse:0.00035598):1.34387e-05):0,((((Lipizzan:0.000171077,Sorraia:0.000320746):1.93124e-05,MangalargaMarchador:0.000333543):7.22838e-06,((((((Friesiandwarf:0.000198614,Dulmenpony:0.000372621):3.90452e-05,((Percheronhorse:0.000451488,(Haflinger:0.000237492,Noriker:0.0003242):1.73078e-05):1.93575e-06,Franches-Montagnes:5.40495e-05):8.00738e-06):4.04736e-06,(((Jejuhorse:0.000132015,(Icelandic:0.000212782,(Shetland:0.000153493,AmericanMiniatureHorse:0.000372199):3.23781e-05):1.96006e-05):8.59562e-06,Yakutianhorse:7.46045e-05):1.68132e-06,Mongolian:0.000134592):1.18127e-05):6.23448e-06,WelshPony:0.000261088):4.19474e-06,ConnemaraPony:9.33623e-05):3.23715e-06,(Przewalski-hybrid:0.000224247,Przewalski:0.000301732):0.000168488):4.02329e-06):1.79946e-05,GermanRidingPony:0.000113097):0):8.09505e-06):4.02985e-06):1.05485e-05,(AmericanPaint:0.000112596,UKWarmblood50Quarter:0.000304435):2.15362e-05):0,((GermanWarmBlood:1.41603e-05,(((Oldenburger:0.000273599,Holsteiner:0.00011013):1.60539e-05,(Trakehner:0.000245495,SwissWarmblood:0.000115289):2.57574e-05):8.59666e-06,DutchWarmblood:0.000355338):8.54217e-06):6.85832e-06,Hanoverian:8.39442e-05):9.74827e-06):5.67861e-05);
Adding Thoroughbred [39/39]
ln(likelihood): 7755.071 
(AmericanPaint:6.63324e-05,(((((GermanWarmBlood:1.3549e-05,(((Thoroughbred:6.8991e-05,(Trakehner:0.000246493,SwissWarmblood:0.000116227):1.73414e-05):6.68922e-06,(Oldenburger:0.000274391,Holsteiner:0.000111123):1.41066e-05):1.07905e-05,DutchWarmblood:0.000356067):7.29753e-06):6.52405e-06,UKWarmblood50Quarter:0.000316863):0,Hanoverian:8.28321e-05):1.30676e-05,Arabian:0.000112692):0,(QuarterHorse:0.000269553,((Standardbred:9.73785e-05,((((((Saxon-ThuringianHeavyWarmblood:0.000345291,TennesseeWalkingHorse:0.000377112):1.43838e-05,Marwari:0.000453053):1.59888e-05,MorganHorse:0.000355595):1.2698e-05,(((Lipizzan:0.000170872,Sorraia:0.000320742):1.94215e-05,MangalargaMarchador:0.000333433):6.61872e-06,((((((Friesiandwarf:0.000198543,Dulmenpony:0.000371926):3.84272e-05,(((Jejuhorse:0.000131446,(Icelandic:0.000212238,(Shetland:0.000152872,AmericanMiniatureHorse:0.00037173):3.23569e-05):1.98222e-05):8.69172e-06,Yakutianhorse:7.40807e-05):1.5011e-06,Mongolian:0.000134134):7.25942e-06):5.97982e-06,((Percheronhorse:0.000452155,(Haflinger:0.000236862,Noriker:0.000323342):1.89593e-05):0,Franches-Montagnes:5.24393e-05):1.28259e-05):5.41082e-06,WelshPony:0.00026057):5.06898e-06,ConnemaraPony:9.25543e-05):3.16855e-06,(Przewalski-hybrid:0.000224413,Przewalski:0.000301632):0.000167724):4.02323e-06):1.65287e-05):4.48331e-06,GermanRidingPony:0.000111422):3.19373e-06,BENSON:0.000300926):3.39138e-06):0,Akhal-Teke:0.000184057):5.09279e-06):7.36365e-06):6.63324e-05);
Set root above Przewalski
DONE.
